<?xml version="1.0" encoding="UTF-8"?>
<testng-results skipped="0" failed="0" ignored="0" total="1" passed="1">
  <reporter-output>
  </reporter-output>
  <suite name="Suite" duration-ms="20222" started-at="2020-03-06T13:38:16Z" finished-at="2020-03-06T13:38:36Z">
    <groups>
    </groups>
    <test name="Test" duration-ms="20222" started-at="2020-03-06T13:38:16Z" finished-at="2020-03-06T13:38:36Z">
      <class name="MuthuMaven.com.NewTest">
        <test-method status="PASS" signature="f()[pri:0, instance:MuthuMaven.com.NewTest@783e6358]" name="f" duration-ms="20174" started-at="2020-03-06T13:38:16Z" finished-at="2020-03-06T13:38:36Z">
          <reporter-output>
          </reporter-output>
        </test-method> <!-- f -->
      </class> <!-- MuthuMaven.com.NewTest -->
    </test> <!-- Test -->
  </suite> <!-- Suite -->
</testng-results>
