<?xml version="1.0" encoding="UTF-8"?>
<testng-results skipped="0" failed="0" ignored="0" total="1" passed="1">
  <reporter-output>
  </reporter-output>
  <suite name="Default suite" duration-ms="20345" started-at="2020-03-06T13:07:03Z" finished-at="2020-03-06T13:07:23Z">
    <groups>
    </groups>
    <test name="Default test" duration-ms="20345" started-at="2020-03-06T13:07:03Z" finished-at="2020-03-06T13:07:23Z">
      <class name="MuthuMaven.com.NewTest">
        <test-method status="PASS" signature="f()[pri:0, instance:MuthuMaven.com.NewTest@46d56d67]" name="f" duration-ms="20311" started-at="2020-03-06T13:07:03Z" finished-at="2020-03-06T13:07:23Z">
          <reporter-output>
          </reporter-output>
        </test-method> <!-- f -->
      </class> <!-- MuthuMaven.com.NewTest -->
    </test> <!-- Default test -->
  </suite> <!-- Default suite -->
</testng-results>
